<?xml version="1.0" encoding="UTF-8"?>
<testsuite xmlns:xsi="http://www.w3.org/2001/XMLSchema-instance" xsi:noNamespaceSchemaLocation="https://maven.apache.org/surefire/maven-surefire-plugin/xsd/surefire-test-report.xsd" version="3.0.2" name="com.example.service.ut.ReceiptProcessorServiceTests" time="0.497" tests="4" errors="0" skipped="0" failures="0">
  <properties>
[...]
</properties>
  <testcase name="calculatePointsValidReceiptShouldReturnCorrectPoints2" classname="com.example.service.ut.ReceiptProcessorServiceTests" time="0.473">
    <system-out><![CDATA[21:42:58.637 [main] INFO com.example.service.ReceiptProcessorServiceImpl -- Awarded 14 total points based on retailer name M&M Corner Market
21:42:58.639 [main] INFO com.example.service.ReceiptProcessorServiceImpl -- Awarded 75 total points based on total
21:42:58.639 [main] INFO com.example.service.ReceiptProcessorServiceImpl -- Awarded 10 total points based on items
21:42:58.640 [main] INFO com.example.service.ReceiptProcessorServiceImpl -- Awarded 0 total points based on purchase date
21:42:58.640 [main] INFO com.example.service.ReceiptProcessorServiceImpl -- Awarded 10 total points based on purchase time
21:42:58.640 [main] INFO com.example.service.ReceiptProcessorServiceImpl -- Calculated points for given receipt as: 109
21:42:58.640 [main] INFO com.example.service.ReceiptProcessorServiceImpl -- Points for process id 3d4fbd02-0784-4638-b7a0-38757ff65589 is 109
]]></system-out>
  </testcase>
  <testcase name="processPointsValidReceiptShouldReturnProcessId" classname="com.example.service.ut.ReceiptProcessorServiceTests" time="0.006">
    <system-out><![CDATA[21:42:58.651 [main] INFO com.example.service.ReceiptProcessorServiceImpl -- Awarded 6 total points based on retailer name Target
21:42:58.651 [main] INFO com.example.service.ReceiptProcessorServiceImpl -- Awarded 0 total points based on total
21:42:58.652 [main] INFO com.example.service.ReceiptProcessorServiceImpl -- Awarded 16 total points based on items
21:42:58.652 [main] INFO com.example.service.ReceiptProcessorServiceImpl -- Awarded 6 total points based on purchase date
21:42:58.652 [main] INFO com.example.service.ReceiptProcessorServiceImpl -- Awarded 0 total points based on purchase time
21:42:58.652 [main] INFO com.example.service.ReceiptProcessorServiceImpl -- Calculated points for given receipt as: 28
]]></system-out>
  </testcase>
  <testcase name="calculatePointsValidReceiptShouldReturnCorrectPoints" classname="com.example.service.ut.ReceiptProcessorServiceTests" time="0.002">
    <system-out><![CDATA[21:42:58.657 [main] INFO com.example.service.ReceiptProcessorServiceImpl -- Awarded 6 total points based on retailer name Target
21:42:58.657 [main] INFO com.example.service.ReceiptProcessorServiceImpl -- Awarded 0 total points based on total
21:42:58.657 [main] INFO com.example.service.ReceiptProcessorServiceImpl -- Awarded 16 total points based on items
21:42:58.657 [main] INFO com.example.service.ReceiptProcessorServiceImpl -- Awarded 6 total points based on purchase date
21:42:58.657 [main] INFO com.example.service.ReceiptProcessorServiceImpl -- Awarded 0 total points based on purchase time
21:42:58.657 [main] INFO com.example.service.ReceiptProcessorServiceImpl -- Calculated points for given receipt as: 28
21:42:58.657 [main] INFO com.example.service.ReceiptProcessorServiceImpl -- Points for process id 01d09ca2-2343-4a5f-a8fe-31fbe5a294bc is 28
]]></system-out>
  </testcase>
  <testcase name="processPointsInvalidReceiptShouldThrowException" classname="com.example.service.ut.ReceiptProcessorServiceTests" time="0.003">
    <system-out><![CDATA[21:42:58.661 [main] ERROR com.example.service.ReceiptProcessorServiceImpl -- Encountered error(s) while validating receipt: [Invalid receipt]
]]></system-out>
  </testcase>
</testsuite>